0 info it worked if it ends with ok
1 verbose cli [ '/Users/eben/.nvm/versions/node/v4.2.2/bin/node',
1 verbose cli   '/Users/eben/.nvm/versions/node/v4.2.2/bin/npm',
1 verbose cli   'run',
1 verbose cli   'test' ]
2 info using npm@3.3.12
3 info using node@v4.2.2
4 verbose run-script [ 'pretest', 'test', 'posttest' ]
5 info lifecycle hn-remote@0.0.3~pretest: hn-remote@0.0.3
6 silly lifecycle hn-remote@0.0.3~pretest: no script for pretest, continuing
7 info lifecycle hn-remote@0.0.3~test: hn-remote@0.0.3
8 verbose lifecycle hn-remote@0.0.3~test: unsafe-perm in lifecycle true
9 verbose lifecycle hn-remote@0.0.3~test: PATH: /Users/eben/.nvm/versions/node/v4.2.2/lib/node_modules/npm/bin/node-gyp-bin:/Users/eben/hn-remote/node_modules/.bin:/Users/eben/.nvm/versions/node/v4.2.2/bin:/Users/eben/.avn/bin:/usr/local/bin:/usr/local/sbin:/usr/local/share/npm/bin:/opt/local/bin:/opt/local/sbin:/Users/eben/.rvm/gems/ruby-2.0.0-p0/bin:/Users/eben/.rvm/gems/ruby-2.0.0-p0@global/bin:/Users/eben/.rvm/rubies/ruby-2.0.0-p0/bin:/Users/eben/.rvm/bin:/usr/local/bin:/usr/bin:/bin:/usr/sbin:/sbin:/opt/X11/bin
10 verbose lifecycle hn-remote@0.0.3~test: CWD: /Users/eben/hn-remote
11 silly lifecycle hn-remote@0.0.3~test: Args: [ '-c',
11 silly lifecycle   'mocha --compilers js:babel-core/register --require ./test/test_helper.js "test/**/*@(.js|.jsx)"' ]
12 silly lifecycle hn-remote@0.0.3~test: Returned: code: 1  signal: null
13 info lifecycle hn-remote@0.0.3~test: Failed to exec test script
14 verbose stack Error: hn-remote@0.0.3 test: `mocha --compilers js:babel-core/register --require ./test/test_helper.js "test/**/*@(.js|.jsx)"`
14 verbose stack Exit status 1
14 verbose stack     at EventEmitter.<anonymous> (/Users/eben/.nvm/versions/node/v4.2.2/lib/node_modules/npm/lib/utils/lifecycle.js:232:16)
14 verbose stack     at emitTwo (events.js:87:13)
14 verbose stack     at EventEmitter.emit (events.js:172:7)
14 verbose stack     at ChildProcess.<anonymous> (/Users/eben/.nvm/versions/node/v4.2.2/lib/node_modules/npm/lib/utils/spawn.js:24:14)
14 verbose stack     at emitTwo (events.js:87:13)
14 verbose stack     at ChildProcess.emit (events.js:172:7)
14 verbose stack     at maybeClose (internal/child_process.js:818:16)
14 verbose stack     at Process.ChildProcess._handle.onexit (internal/child_process.js:211:5)
15 verbose pkgid hn-remote@0.0.3
16 verbose cwd /Users/eben/hn-remote
17 error Darwin 15.6.0
18 error argv "/Users/eben/.nvm/versions/node/v4.2.2/bin/node" "/Users/eben/.nvm/versions/node/v4.2.2/bin/npm" "run" "test"
19 error node v4.2.2
20 error npm  v3.3.12
21 error code ELIFECYCLE
22 error hn-remote@0.0.3 test: `mocha --compilers js:babel-core/register --require ./test/test_helper.js "test/**/*@(.js|.jsx)"`
22 error Exit status 1
23 error Failed at the hn-remote@0.0.3 test script 'mocha --compilers js:babel-core/register --require ./test/test_helper.js "test/**/*@(.js|.jsx)"'.
23 error Make sure you have the latest version of node.js and npm installed.
23 error If you do, this is most likely a problem with the hn-remote package,
23 error not with npm itself.
23 error Tell the author that this fails on your system:
23 error     mocha --compilers js:babel-core/register --require ./test/test_helper.js "test/**/*@(.js|.jsx)"
23 error You can get their info via:
23 error     npm owner ls hn-remote
23 error There is likely additional logging output above.
24 verbose exit [ 1, true ]
